<?xml version="1.0" encoding="UTF-8"?>
<!-- Generated by org.testng.reporters.JUnitReportReporter -->
<testsuite hostname="DESKTOP-PQ2L7EM" failures="0" tests="2" name="TestNGPractice.CrossBroswer" time="25.086" errors="0" timestamp="2025-03-01T14:30:10 IST" skipped="0">
  <testcase classname="TestNGPractice.CrossBroswer" name="EdgeBroswer" time="17.073"/>
  <testcase classname="TestNGPractice.CrossBroswer" name="BrowsersSetUp" time="8.013"/>
</testsuite> <!-- TestNGPractice.CrossBroswer -->
