<?xml version="1.0" encoding="UTF-8"?>
<!-- Generated by org.testng.reporters.JUnitReportReporter -->
<testsuite hostname="DESKTOP-PQ2L7EM" failures="0" tests="2" name="TestNGPractice.CrossBroswer" time="21.210" errors="0" timestamp="2025-02-28T16:28:22 IST" skipped="0">
  <testcase classname="TestNGPractice.CrossBroswer" name="BrowsersSetUp" time="10.204"/>
  <testcase classname="TestNGPractice.CrossBroswer" name="EdgeBroswer" time="11.006"/>
</testsuite> <!-- TestNGPractice.CrossBroswer -->
