<?xml version="1.0" encoding="UTF-8"?>
<!-- Generated by org.testng.reporters.JUnitReportReporter -->
<testsuite hostname="DESKTOP-PQ2L7EM" failures="0" tests="1" name="TestNGPractice.ScreenshotOnFailure" time="10.372" errors="0" timestamp="2025-03-10T16:10:49 IST" skipped="0">
  <testcase classname="TestNGPractice.ScreenshotOnFailure" name="SpecificEle" time="10.372"/>
</testsuite> <!-- TestNGPractice.ScreenshotOnFailure -->
