<?xml version="1.0" encoding="UTF-8"?>
<!-- Generated by org.testng.reporters.JUnitReportReporter -->
<testsuite hostname="DESKTOP-PQ2L7EM" failures="0" tests="2" name="TestNGPractice.WebTableExample" time="0.322" errors="0" timestamp="2025-03-10T21:23:59 IST" skipped="0">
  <testcase classname="TestNGPractice.WebTableExample" name="Headers" time="0.212"/>
  <testcase classname="TestNGPractice.WebTableExample" name="NumberOfRowsAndColumns" time="0.110"/>
</testsuite> <!-- TestNGPractice.WebTableExample -->
